TN:
SF:script/Counter.s.sol
DA:10,0
FN:10,CounterScript.setUp
FNDA:0,CounterScript.setUp
DA:12,0
FN:12,CounterScript.run
FNDA:0,CounterScript.run
DA:13,0
DA:15,0
DA:17,0
FNF:2
FNH:0
LF:5
LH:0
BRF:0
BRH:0
end_of_record
TN:
SF:src/Counter.sol
DA:7,258
FN:7,Counter.setNumber
FNDA:258,Counter.setNumber
DA:8,258
DA:11,1
FN:11,Counter.increment
FNDA:1,Counter.increment
DA:12,1
FNF:2
FNH:2
LF:4
LH:4
BRF:0
BRH:0
end_of_record
TN:
SF:src/MetaGaugeAccessControl.sol
DA:16,15
FN:16,MetaGaugeAccessControl.whenNotPaused
FNDA:15,MetaGaugeAccessControl.whenNotPaused
DA:17,0
BRDA:17,0,0,-
DA:21,0
FN:21,MetaGaugeAccessControl.onlyOperator
FNDA:0,MetaGaugeAccessControl.onlyOperator
DA:22,0
BRDA:22,1,0,-
DA:23,0
DA:28,17
FN:28,MetaGaugeAccessControl.constructor
FNDA:17,MetaGaugeAccessControl.constructor
DA:29,17
DA:31,17
DA:34,0
FN:34,MetaGaugeAccessControl.addOperator
FNDA:0,MetaGaugeAccessControl.addOperator
DA:35,0
DA:38,0
FN:38,MetaGaugeAccessControl.removeOperator
FNDA:0,MetaGaugeAccessControl.removeOperator
DA:39,0
DA:42,0
FN:42,MetaGaugeAccessControl.pause
FNDA:0,MetaGaugeAccessControl.pause
DA:43,0
DA:46,0
FN:46,MetaGaugeAccessControl.unpause
FNDA:0,MetaGaugeAccessControl.unpause
DA:47,0
FNF:7
FNH:2
LF:16
LH:4
BRF:2
BRH:0
end_of_record
TN:
SF:src/MetaGaugeSubscription.sol
DA:34,17
FN:34,MetaGaugeSubscription.constructor
FNDA:17,MetaGaugeSubscription.constructor
DA:35,17
BRDA:35,0,0,17
DA:36,17
BRDA:36,1,0,-
BRDA:36,1,1,17
DA:37,17
DA:38,17
DA:40,17
DA:46,17
FN:46,MetaGaugeSubscription._initializePlans
FNDA:17,MetaGaugeSubscription._initializePlans
DA:47,17
DA:48,17
DA:49,17
DA:50,17
DA:53,17
FN:53,MetaGaugeSubscription._createFreePlan
FNDA:17,MetaGaugeSubscription._createFreePlan
DA:54,17
DA:78,17
FN:78,MetaGaugeSubscription._createStarterPlan
FNDA:17,MetaGaugeSubscription._createStarterPlan
DA:79,17
DA:103,17
FN:103,MetaGaugeSubscription._createProPlan
FNDA:17,MetaGaugeSubscription._createProPlan
DA:104,17
DA:128,17
FN:128,MetaGaugeSubscription._createEnterprisePlan
FNDA:17,MetaGaugeSubscription._createEnterprisePlan
DA:129,17
DA:155,15
FN:155,MetaGaugeSubscription.subscribe
FNDA:15,MetaGaugeSubscription.subscribe
DA:167,15
DA:169,12
DA:170,12
BRDA:170,2,0,-
DA:171,0
DA:175,12
DA:181,12
BRDA:181,3,0,12
BRDA:181,3,1,-
DA:183,12
BRDA:183,4,0,-
BRDA:183,4,1,12
DA:184,12
BRDA:184,5,0,1
BRDA:184,5,1,11
DA:188,11
DA:189,11
BRDA:189,6,0,-
BRDA:189,6,1,11
DA:192,0
BRDA:192,7,0,-
BRDA:192,7,1,-
DA:193,0
DA:196,11
DA:199,11
BRDA:199,8,0,-
DA:200,0
DA:201,0
DA:204,11
DA:208,15
FN:208,MetaGaugeSubscription._validateSubscriptionInput
FNDA:15,MetaGaugeSubscription._validateSubscriptionInput
DA:215,15
BRDA:215,9,0,-
DA:216,0
DA:219,15
BRDA:219,10,0,-
DA:220,0
DA:223,15
BRDA:223,11,0,1
DA:224,1
DA:227,14
BRDA:227,12,0,14
BRDA:227,12,1,-
DA:228,14
BRDA:228,13,0,1
BRDA:228,13,1,13
DA:230,0
BRDA:230,14,0,-
BRDA:230,14,1,-
DA:233,13
DA:234,1
BRDA:234,15,0,1
DA:235,1
DA:239,11
FN:239,MetaGaugeSubscription._processSubscription
FNDA:11,MetaGaugeSubscription._processSubscription
DA:247,11
DA:248,11
DA:251,11
DA:253,11
DA:267,11
DA:268,11
DA:270,0
FN:270,MetaGaugeSubscription.changeSubscription.0
FNDA:0,MetaGaugeSubscription.changeSubscription.0
DA:277,0
FN:277,MetaGaugeSubscription.renewSubscription
FNDA:0,MetaGaugeSubscription.renewSubscription
DA:281,0
FN:281,MetaGaugeSubscription.cancelSubscription
FNDA:0,MetaGaugeSubscription.cancelSubscription
DA:285,2
FN:285,MetaGaugeSubscription.updateUserRole
FNDA:2,MetaGaugeSubscription.updateUserRole
DA:286,2
DA:288,0
FN:288,MetaGaugeSubscription.changeSubscription.1
FNDA:0,MetaGaugeSubscription.changeSubscription.1
DA:296,2
FN:296,MetaGaugeSubscription.isSubscriberActive
FNDA:2,MetaGaugeSubscription.isSubscriberActive
DA:302,2
DA:303,2
DA:308,9
FN:308,MetaGaugeSubscription.getSubscriptionInfo
FNDA:9,MetaGaugeSubscription.getSubscriptionInfo
DA:314,9
DA:317,4
FN:317,MetaGaugeSubscription.getPlanInfo
FNDA:4,MetaGaugeSubscription.getPlanInfo
DA:323,4
DA:328,0
FN:328,MetaGaugeSubscription.updatePlanStatus
FNDA:0,MetaGaugeSubscription.updatePlanStatus
DA:332,0
DA:335,0
FN:335,MetaGaugeSubscription.withdrawFunds
FNDA:0,MetaGaugeSubscription.withdrawFunds
DA:336,0
BRDA:336,16,0,-
DA:337,0
DA:340,0
DA:345,0
FN:345,MetaGaugeSubscription.withdrawMyBalance
FNDA:0,MetaGaugeSubscription.withdrawMyBalance
DA:346,0
DA:347,0
BRDA:347,17,0,-
DA:348,0
DA:351,0
DA:352,0
FNF:20
FNH:13
LF:82
LH:58
BRF:27
BRH:12
end_of_record
TN:
SF:src/MetaGaugeToken.sol
DA:8,17
FN:8,MockLiskToken.constructor
FNDA:17,MockLiskToken.constructor
DA:9,17
DA:12,0
FN:12,MockLiskToken.mint
FNDA:0,MockLiskToken.mint
DA:13,0
FNF:2
FNH:1
LF:4
LH:2
BRF:0
BRH:0
end_of_record
TN:
SF:src/helpers/MetaGaugeFeatureValidator.sol
DA:16,0
FN:16,MetaGaugeFeatureValidator.validateFeatureAccess
FNDA:0,MetaGaugeFeatureValidator.validateFeatureAccess
DA:20,0
DA:22,0
BRDA:22,0,0,-
BRDA:22,0,1,-
DA:23,0
BRDA:23,1,0,-
DA:25,0
BRDA:25,2,0,-
BRDA:25,2,1,-
DA:26,0
BRDA:26,3,0,-
DA:28,0
BRDA:28,4,0,-
BRDA:28,4,1,-
DA:29,0
BRDA:29,5,0,-
DA:31,0
BRDA:31,6,0,-
BRDA:31,6,1,-
DA:32,0
BRDA:32,7,0,-
DA:34,0
BRDA:34,8,0,-
BRDA:34,8,1,-
DA:35,0
BRDA:35,9,0,-
DA:37,0
BRDA:37,10,0,-
DA:38,0
BRDA:38,11,0,-
DA:43,0
FN:43,MetaGaugeFeatureValidator.checkProjectLimit
FNDA:0,MetaGaugeFeatureValidator.checkProjectLimit
DA:47,0
BRDA:47,12,0,-
DA:48,0
DA:52,0
FN:52,MetaGaugeFeatureValidator.checkAlertLimit
FNDA:0,MetaGaugeFeatureValidator.checkAlertLimit
DA:56,0
BRDA:56,13,0,-
DA:57,0
DA:61,0
FN:61,MetaGaugeFeatureValidator.checkAPILimit
FNDA:0,MetaGaugeFeatureValidator.checkAPILimit
DA:65,0
BRDA:65,14,0,-
DA:66,0
DA:70,0
FN:70,MetaGaugeFeatureValidator.checkTeamMemberLimit
FNDA:0,MetaGaugeFeatureValidator.checkTeamMemberLimit
DA:74,0
BRDA:74,15,0,-
DA:75,0
DA:81,0
FN:81,MetaGaugeFeatureValidator.validateRoleTransition
FNDA:0,MetaGaugeFeatureValidator.validateRoleTransition
DA:84,0
BRDA:84,16,0,-
DA:85,0
DA:89,0
FN:89,MetaGaugeFeatureValidator.validateTierTransition
FNDA:0,MetaGaugeFeatureValidator.validateTierTransition
DA:91,0
BRDA:91,17,0,-
DA:92,0
DA:98,0
FN:98,MetaGaugeFeatureValidator.validateActiveSubscription
FNDA:0,MetaGaugeFeatureValidator.validateActiveSubscription
DA:101,0
BRDA:101,18,0,-
DA:102,0
DA:105,0
DA:106,0
BRDA:106,19,0,-
DA:107,0
DA:111,0
FN:111,MetaGaugeFeatureValidator.validateSubscriptionNotExpired
FNDA:0,MetaGaugeFeatureValidator.validateSubscriptionNotExpired
DA:114,0
DA:115,0
BRDA:115,20,0,-
DA:116,0
FNF:9
FNH:0
LF:42
LH:0
BRF:26
BRH:0
end_of_record
TN:
SF:src/helpers/MetaGaugeSubscriptionHelper.sol
DA:16,0
FN:16,MetaGaugeSubscriptionHelper.constructor
FNDA:0,MetaGaugeSubscriptionHelper.constructor
DA:17,0
DA:22,0
FN:22,MetaGaugeSubscriptionHelper.canAccessFeature
FNDA:0,MetaGaugeSubscriptionHelper.canAccessFeature
DA:26,0
BRDA:26,0,0,-
DA:28,0
DA:29,0
DA:31,0
BRDA:31,1,0,-
DA:32,0
DA:33,0
BRDA:33,1,1,-
DA:34,0
DA:38,0
FN:38,MetaGaugeSubscriptionHelper.getRemainingQuotas
FNDA:0,MetaGaugeSubscriptionHelper.getRemainingQuotas
DA:48,0
DA:49,0
DA:52,0
DA:53,0
DA:54,0
DA:55,0
DA:60,0
FN:60,MetaGaugeSubscriptionHelper.getSubscriptionStatus
FNDA:0,MetaGaugeSubscriptionHelper.getSubscriptionStatus
DA:71,0
DA:73,0
DA:74,0
DA:75,0
DA:76,0
DA:77,0
DA:80,0
FN:80,MetaGaugeSubscriptionHelper._calculateDaysRemaining
FNDA:0,MetaGaugeSubscriptionHelper._calculateDaysRemaining
DA:81,0
BRDA:81,2,0,-
DA:82,0
DA:87,0
FN:87,MetaGaugeSubscriptionHelper.getUpgradeOptions
FNDA:0,MetaGaugeSubscriptionHelper.getUpgradeOptions
DA:96,0
DA:97,0
DA:100,0
DA:101,0
DA:102,0
DA:103,0
BRDA:103,3,0,-
DA:106,0
DA:107,0
DA:108,0
DA:110,0
DA:111,0
DA:112,0
DA:113,0
BRDA:113,4,0,-
DA:114,0
DA:115,0
DA:116,0
DA:117,0
DA:124,0
FN:124,MetaGaugeSubscriptionHelper.batchCheckFeatureAccess
FNDA:0,MetaGaugeSubscriptionHelper.batchCheckFeatureAccess
DA:128,0
DA:130,0
DA:131,0
DA:134,0
DA:137,0
FN:137,MetaGaugeSubscriptionHelper.batchGetSubscriptionStatus
FNDA:0,MetaGaugeSubscriptionHelper.batchGetSubscriptionStatus
DA:140,0
DA:141,0
DA:143,0
DA:144,0
DA:145,0
DA:146,0
FNF:8
FNH:0
LF:57
LH:0
BRF:6
BRH:0
end_of_record
TN:
SF:src/libraries/MetaGaugeUtils.sol
DA:16,0
FN:16,MetaGaugeUtils.validateAddress
FNDA:0,MetaGaugeUtils.validateAddress
DA:17,0
BRDA:17,0,0,-
DA:18,0
DA:22,0
FN:22,MetaGaugeUtils.validateSubscriptionDuration
FNDA:0,MetaGaugeUtils.validateSubscriptionDuration
DA:23,0
BRDA:23,1,0,-
DA:24,0
DA:28,0
FN:28,MetaGaugeUtils.validatePaymentAmount
FNDA:0,MetaGaugeUtils.validatePaymentAmount
DA:29,0
BRDA:29,2,0,-
DA:30,0
DA:36,0
FN:36,MetaGaugeUtils.getCurrentTimestamp
FNDA:0,MetaGaugeUtils.getCurrentTimestamp
DA:37,0
DA:40,0
FN:40,MetaGaugeUtils.isTimestampInFuture
FNDA:0,MetaGaugeUtils.isTimestampInFuture
DA:41,0
DA:44,0
FN:44,MetaGaugeUtils.calculateEndTime
FNDA:0,MetaGaugeUtils.calculateEndTime
DA:49,0
DA:52,0
FN:52,MetaGaugeUtils.isInGracePeriod
FNDA:0,MetaGaugeUtils.isInGracePeriod
DA:53,0
DA:54,0
DA:57,0
FN:57,MetaGaugeUtils.getRemainingTime
FNDA:0,MetaGaugeUtils.getRemainingTime
DA:58,0
BRDA:58,3,0,-
DA:59,0
DA:64,0
FN:64,MetaGaugeUtils.calculateProratedAmount
FNDA:0,MetaGaugeUtils.calculateProratedAmount
DA:69,0
BRDA:69,4,0,-
DA:71,0
DA:72,0
DA:74,0
DA:77,0
FN:77,MetaGaugeUtils.applyDiscount
FNDA:0,MetaGaugeUtils.applyDiscount
DA:82,0
DA:83,0
DA:86,0
FN:86,MetaGaugeUtils.calculatePlatformFee
FNDA:0,MetaGaugeUtils.calculatePlatformFee
DA:87,0
DA:92,0
FN:92,MetaGaugeUtils.checkFeatureAccess
FNDA:0,MetaGaugeUtils.checkFeatureAccess
DA:96,0
BRDA:96,5,0,-
DA:97,0
DA:101,0
FN:101,MetaGaugeUtils.checkLimit
FNDA:0,MetaGaugeUtils.checkLimit
DA:106,0
BRDA:106,6,0,-
DA:107,0
DA:113,0
FN:113,MetaGaugeUtils.safeTransferETH
FNDA:0,MetaGaugeUtils.safeTransferETH
DA:114,0
DA:115,0
BRDA:115,7,0,-
DA:116,0
FNF:14
FNH:0
LF:41
LH:0
BRF:8
BRH:0
end_of_record
TN:
SF:src/utils/MetaGaugePricing.sol
DA:19,12
FN:19,MetaGaugePricing.getTierPrice
FNDA:12,MetaGaugePricing.getTierPrice
DA:23,12
BRDA:23,0,0,1
DA:24,1
DA:27,11
DA:29,11
BRDA:29,1,0,1
BRDA:29,1,1,1
DA:30,1
DA:34,10
BRDA:34,2,0,8
BRDA:34,2,1,1
DA:35,8
DA:39,2
BRDA:39,3,0,2
BRDA:39,3,1,1
DA:40,2
DA:45,0
DA:48,11
DA:51,0
FN:51,MetaGaugePricing.calculateUpgradePrice
FNDA:0,MetaGaugePricing.calculateUpgradePrice
DA:59,0
BRDA:59,4,0,-
DA:60,0
DA:63,0
DA:64,0
DA:67,0
DA:69,0
DA:72,0
FN:72,MetaGaugePricing.calculateProratedRefund
FNDA:0,MetaGaugePricing.calculateProratedRefund
DA:77,0
BRDA:77,5,0,-
DA:79,0
DA:80,0
DA:82,0
DA:85,0
FN:85,MetaGaugePricing.applyDiscount
FNDA:0,MetaGaugePricing.applyDiscount
DA:90,0
DA:91,0
DA:94,0
FN:94,MetaGaugePricing.calculatePlatformFee
FNDA:0,MetaGaugePricing.calculatePlatformFee
DA:95,0
FNF:5
FNH:1
LF:29
LH:11
BRF:9
BRH:7
end_of_record
TN:
SF:src/utils/MetaGaugeTimeUtils.sol
DA:13,0
FN:13,MetaGaugeTimeUtils.getCurrentTimestamp
FNDA:0,MetaGaugeTimeUtils.getCurrentTimestamp
DA:14,0
DA:17,0
FN:17,MetaGaugeTimeUtils.isFuture
FNDA:0,MetaGaugeTimeUtils.isFuture
DA:18,0
DA:21,0
FN:21,MetaGaugeTimeUtils.isPast
FNDA:0,MetaGaugeTimeUtils.isPast
DA:22,0
DA:25,0
FN:25,MetaGaugeTimeUtils.calculateEndTime
FNDA:0,MetaGaugeTimeUtils.calculateEndTime
DA:29,0
BRDA:29,0,0,-
DA:30,0
DA:32,0
BRDA:32,1,0,-
DA:33,0
DA:35,0
DA:38,0
FN:38,MetaGaugeTimeUtils.isInGracePeriod
FNDA:0,MetaGaugeTimeUtils.isInGracePeriod
DA:39,0
DA:40,0
DA:43,0
FN:43,MetaGaugeTimeUtils.getRemainingTime
FNDA:0,MetaGaugeTimeUtils.getRemainingTime
DA:44,0
BRDA:44,2,0,-
DA:45,0
DA:48,0
FN:48,MetaGaugeTimeUtils.getTimeUsed
FNDA:0,MetaGaugeTimeUtils.getTimeUsed
DA:53,0
BRDA:53,3,0,-
DA:54,0
BRDA:54,4,0,-
DA:55,0
DA:58,0
FN:58,MetaGaugeTimeUtils.calculateProratedRefund
FNDA:0,MetaGaugeTimeUtils.calculateProratedRefund
DA:63,0
BRDA:63,5,0,-
DA:65,0
DA:66,0
DA:68,0
DA:71,0
FN:71,MetaGaugeTimeUtils.isWithinRenewalWindow
FNDA:0,MetaGaugeTimeUtils.isWithinRenewalWindow
DA:72,0
DA:73,0
DA:76,0
FN:76,MetaGaugeTimeUtils.getBillingCycleDuration
FNDA:0,MetaGaugeTimeUtils.getBillingCycleDuration
DA:81,0
BRDA:81,6,0,-
BRDA:81,6,1,-
DA:82,0
DA:83,0
BRDA:83,7,0,-
DA:84,0
DA:86,0
FNF:10
FNH:0
LF:36
LH:0
BRF:9
BRH:0
end_of_record
